d:\programming\c++\todo\todolist\todolist\debug\vc142.pdb
d:\programming\c++\todo\todolist\todolist\debug\vc142.idb
d:\programming\c++\todo\todolist\todolist\debug\todolist.obj
d:\programming\c++\todo\todolist\todolist\debug\mainframe.obj
d:\programming\c++\todo\todolist\todolist\debug\app.obj
d:\programming\c++\todo\todolist\todolist\debug\tasksfile.obj
d:\programming\c++\todo\todolist\debug\todolist.pdb
d:\programming\c++\todo\todolist\todolist\debug\todolist.tlog\cl.command.1.tlog
d:\programming\c++\todo\todolist\todolist\debug\todolist.tlog\cl.read.1.tlog
d:\programming\c++\todo\todolist\todolist\debug\todolist.tlog\cl.write.1.tlog
d:\programming\c++\todo\todolist\todolist\debug\todolist.tlog\link-cvtres.read.1.tlog
d:\programming\c++\todo\todolist\todolist\debug\todolist.tlog\link-cvtres.write.1.tlog
d:\programming\c++\todo\todolist\todolist\debug\todolist.tlog\link-rc.read.1.tlog
d:\programming\c++\todo\todolist\todolist\debug\todolist.tlog\link-rc.write.1.tlog
d:\programming\c++\todo\todolist\todolist\debug\todolist.tlog\link.17036-cvtres.read.1.tlog
d:\programming\c++\todo\todolist\todolist\debug\todolist.tlog\link.17036-cvtres.write.1.tlog
d:\programming\c++\todo\todolist\todolist\debug\todolist.tlog\link.17036-rc.read.1.tlog
d:\programming\c++\todo\todolist\todolist\debug\todolist.tlog\link.17036-rc.write.1.tlog
d:\programming\c++\todo\todolist\todolist\debug\todolist.tlog\link.17036.read.1.tlog
d:\programming\c++\todo\todolist\todolist\debug\todolist.tlog\link.17036.write.1.tlog
d:\programming\c++\todo\todolist\todolist\debug\todolist.tlog\link.command.1.tlog
d:\programming\c++\todo\todolist\todolist\debug\todolist.tlog\link.read.1.tlog
d:\programming\c++\todo\todolist\todolist\debug\todolist.tlog\link.write.1.tlog
